no change     /shared/centos7/anaconda3/3.7/condabin/conda
no change     /shared/centos7/anaconda3/3.7/bin/conda
no change     /shared/centos7/anaconda3/3.7/bin/conda-env
no change     /shared/centos7/anaconda3/3.7/bin/activate
no change     /shared/centos7/anaconda3/3.7/bin/deactivate
no change     /shared/centos7/anaconda3/3.7/etc/profile.d/conda.sh
no change     /shared/centos7/anaconda3/3.7/etc/fish/conf.d/conda.fish
no change     /shared/centos7/anaconda3/3.7/shell/condabin/Conda.psm1
no change     /shared/centos7/anaconda3/3.7/shell/condabin/conda-hook.ps1
no change     /shared/centos7/anaconda3/3.7/lib/python3.7/site-packages/xontrib/conda.xsh
no change     /shared/centos7/anaconda3/3.7/etc/profile.d/conda.csh
modified      /home/agarwal.rishi/.bashrc

==> For changes to take effect, close and re-open your current shell. <==

Submitted batch job 24767949
Submitted batch job 24767950
Submitted batch job 24767951
Submitted batch job 24767952
Submitted batch job 24767953
Submitted batch job 24767954
Submitted batch job 24767955
Submitted batch job 24767956
Submitted batch job 24767957
Submitted batch job 24767958
Submitted batch job 24767959
Submitted batch job 24767960
Submitted batch job 24767962
Submitted batch job 24767963
Submitted batch job 24767964
Submitted batch job 24767965
Submitted batch job 24767966
Submitted batch job 24767967
Submitted batch job 24767968
Submitted batch job 24767969
Submitted batch job 24767970
Submitted batch job 24767971
Submitted batch job 24767972
Submitted batch job 24767973
Submitted batch job 24767975
Submitted batch job 24767977
Submitted batch job 24767979
Submitted batch job 24767982
Submitted batch job 24767984
Submitted batch job 24767986
Submitted batch job 24767988
Submitted batch job 24767990
Submitted batch job 24767992
Submitted batch job 24767994
Submitted batch job 24767996
Submitted batch job 24767998
Submitted batch job 24768000
Submitted batch job 24768002
Submitted batch job 24768005
Submitted batch job 24768007
Submitted batch job 24768009
Submitted batch job 24768011
Submitted batch job 24768013
Submitted batch job 24768015
Submitted batch job 24768017
Submitted batch job 24768019
Submitted batch job 24768021
Submitted batch job 24768023
Submitted batch job 24768026
Submitted batch job 24768028
Submitted batch job 24768030
Submitted batch job 24768032
Submitted batch job 24768034
Submitted batch job 24768036
Submitted batch job 24768038
Submitted batch job 24768039
Submitted batch job 24768041
Submitted batch job 24768043
Submitted batch job 24768045
Submitted batch job 24768047
Submitted batch job 24768049
Submitted batch job 24768051
Submitted batch job 24768053
Submitted batch job 24768055
Submitted batch job 24768057
Submitted batch job 24768059
Submitted batch job 24768061
Submitted batch job 24768063
Submitted batch job 24768065
Submitted batch job 24768067
Submitted batch job 24768069
Submitted batch job 24768071
Submitted batch job 24768073
Submitted batch job 24768075
Submitted batch job 24768077
Submitted batch job 24768079
Submitted batch job 24768082
Submitted batch job 24768084
Submitted batch job 24768086
Submitted batch job 24768088
Submitted batch job 24768090
Submitted batch job 24768092
Submitted batch job 24768094
Submitted batch job 24768096
Submitted batch job 24768098
Submitted batch job 24768100
Submitted batch job 24768102
Submitted batch job 24768104
Submitted batch job 24768107
Submitted batch job 24768109
Submitted batch job 24768111
Submitted batch job 24768113
Submitted batch job 24768115
Submitted batch job 24768117
Submitted batch job 24768119
Submitted batch job 24768121
Submitted batch job 24768123
Submitted batch job 24768125
Submitted batch job 24768127
Submitted batch job 24768129
Submitted batch job 24768131
Submitted batch job 24768135
Submitted batch job 24768137
Submitted batch job 24768139
Submitted batch job 24768140
Submitted batch job 24768142
Submitted batch job 24768144
Submitted batch job 24768146
Submitted batch job 24768148
Submitted batch job 24768150
Submitted batch job 24768152
Submitted batch job 24768154
Submitted batch job 24768156
Submitted batch job 24768158
Submitted batch job 24768161
Submitted batch job 24768163
Submitted batch job 24768165
Submitted batch job 24768168
Submitted batch job 24768172
Submitted batch job 24768175
Submitted batch job 24768177
Submitted batch job 24768179
Submitted batch job 24768181
Submitted batch job 24768183
Submitted batch job 24768185
Submitted batch job 24768187
Submitted batch job 24768189
Submitted batch job 24768190
Submitted batch job 24768192
Submitted batch job 24768194
Submitted batch job 24768196
Submitted batch job 24768198
Submitted batch job 24768199
Submitted batch job 24768200
Submitted batch job 24768201
Submitted batch job 24768202
Submitted batch job 24768203
Submitted batch job 24768204
Submitted batch job 24768205
Submitted batch job 24768208
